2025.08.13 17:10:11 INFO  Started: Metals version 1.6.2 in folders '/Users/amaroo/Desktop/chisel/rv-five-stage' for client Visual Studio Code 1.103.0.
2025.08.13 17:10:15 INFO  running '/Users/amaroo/Library/Java/JavaVirtualMachines/openjdk-23.0.2/Contents/Home/bin/java -Djline.terminal=jline.UnsupportedTerminal -Dsbt.log.noformat=true -Dfile.encoding=UTF-8 -jar /var/folders/ps/6xdkgy712nz0w_hx_l_30p800000gq/T/metals6867680499641129248/sbt-launch.jar -Dbloop.export-jar-classifiers=sources bloopInstall'
2025.08.13 17:10:15 INFO  no build target found for /Users/amaroo/Desktop/chisel/rv-five-stage/project/project/metals.sbt. Using presentation compiler with project's scala-library version: 3.3.6
2025.08.13 17:10:15 WARN  no build target for: /Users/amaroo/Desktop/chisel/rv-five-stage/project/project/metals.sbt
2025.08.13 17:10:15 WARN  no build target for: /Users/amaroo/Desktop/chisel/rv-five-stage/project/metals.sbt
2025.08.13 17:10:17 INFO  [info] welcome to sbt 1.11.1 (Oracle Corporation Java 23.0.2)
2025.08.13 17:10:19 INFO  no build target found for /Users/amaroo/Desktop/chisel/rv-five-stage/project/metals.sbt. Using presentation compiler with project's scala-library version: 3.3.6
2025.08.13 17:10:19 INFO  [info] loading settings for project rv-five-stage-build-build from metals.sbt...
2025.08.13 17:10:19 INFO  [info] loading project definition from /Users/amaroo/Desktop/chisel/rv-five-stage/project/project
2025.08.13 17:10:22 INFO  no build target found for /Users/amaroo/Desktop/chisel/rv-five-stage/src/main/scala/ALU.scala. Using presentation compiler with project's scala-library version: 3.3.6
2025.08.13 17:10:22 INFO  no build target found for /Users/amaroo/Desktop/chisel/rv-five-stage/src/main/scala/ALU.scala. Using presentation compiler with project's scala-library version: 3.3.6
2025.08.13 17:10:22 INFO  no build target found for /Users/amaroo/Desktop/chisel/rv-five-stage/src/main/scala/ALU.scala. Using presentation compiler with project's scala-library version: 3.3.6
2025.08.13 17:10:23 INFO  no build target found for /Users/amaroo/Desktop/chisel/rv-five-stage/src/main/scala/ALU.scala. Using presentation compiler with project's scala-library version: 3.3.6
2025.08.13 17:10:25 INFO  no build target found for /Users/amaroo/Desktop/chisel/rv-five-stage/src/main/scala/ALU.scala. Using presentation compiler with project's scala-library version: 3.3.6
2025.08.13 17:10:25 INFO  no build target found for /Users/amaroo/Desktop/chisel/rv-five-stage/src/main/scala/ALU.scala. Using presentation compiler with project's scala-library version: 3.3.6
2025.08.13 17:10:28 INFO  [info] loading settings for project rv-five-stage-build from metals.sbt...
2025.08.13 17:10:28 INFO  [info] loading project definition from /Users/amaroo/Desktop/chisel/rv-five-stage/project
2025.08.13 17:10:34 INFO  no build target found for /Users/amaroo/Desktop/chisel/rv-five-stage/src/main/scala/ALU.scala. Using presentation compiler with project's scala-library version: 3.3.6
2025.08.13 17:10:38 INFO  [success] Generated .bloop/rv-five-stage-build.json
2025.08.13 17:10:41 INFO  [success] Total time: 13 s, completed Aug 13, 2025, 5:10:41 PM
2025.08.13 17:10:46 INFO  no build target found for /Users/amaroo/Desktop/chisel/rv-five-stage/src/main/scala/ALU.scala. Using presentation compiler with project's scala-library version: 3.3.6
2025.08.13 17:10:47 INFO  no build target found for /Users/amaroo/Desktop/chisel/rv-five-stage/src/main/scala/ALU.scala. Using presentation compiler with project's scala-library version: 3.3.6
2025.08.13 17:10:49 INFO  no build target found for /Users/amaroo/Desktop/chisel/rv-five-stage/src/main/scala/ALU.scala. Using presentation compiler with project's scala-library version: 3.3.6
Aug 13, 2025 5:10:49 PM org.eclipse.lsp4j.jsonrpc.RemoteEndpoint handleCancellation
WARNING: Unmatched cancel notification for request id 13
2025.08.13 17:10:49 INFO  no build target found for /Users/amaroo/Desktop/chisel/rv-five-stage/src/main/scala/ALU.scala. Using presentation compiler with project's scala-library version: 3.3.6
2025.08.13 17:11:19 INFO  [info] loading settings for project root from build.sbt...
2025.08.13 17:11:19 INFO  [info] set current project to rv-five-stage (in build file:/Users/amaroo/Desktop/chisel/rv-five-stage/)
2025.08.13 17:11:24 INFO  [success] Generated .bloop/root-test.json
2025.08.13 17:11:24 INFO  [success] Generated .bloop/root.json
2025.08.13 17:11:24 INFO  [success] Total time: 2 s, completed Aug 13, 2025, 5:11:24 PM
2025.08.13 17:11:24 INFO  time: ran 'sbt bloopInstall' in 1m9s
2025.08.13 17:11:24 INFO  Attempting to connect to the build server...
2025.08.13 17:11:24 INFO  Found a Bloop server running
2025.08.13 17:11:25 INFO  tracing is disabled for protocol BSP, to enable tracing of incoming and outgoing JSON messages create an empty file at /Users/amaroo/Desktop/chisel/rv-five-stage/.metals/bsp.trace.json or /Users/amaroo/Library/Caches/org.scalameta.metals/bsp.trace.json
2025.08.13 17:11:31 INFO  no build target found for /Users/amaroo/Desktop/chisel/rv-five-stage/src/main/scala/ALU.scala. Using presentation compiler with project's scala-library version: 3.3.6
2025.08.13 17:11:31 INFO  Attempting to connect to the build server...
2025.08.13 17:11:31 INFO  Found a Bloop server running
2025.08.13 17:11:31 INFO  tracing is disabled for protocol BSP, to enable tracing of incoming and outgoing JSON messages create an empty file at /Users/amaroo/Desktop/chisel/rv-five-stage/project/.metals/bsp.trace.json or /Users/amaroo/Library/Caches/org.scalameta.metals/bsp.trace.json
2025.08.13 17:11:33 INFO  time: Connected to build server in 8.77s
2025.08.13 17:11:33 INFO  Connected to Build server: Bloop v2.0.8
2025.08.13 17:11:33 INFO  time: Imported build in 0.13s
2025.08.13 17:12:56 INFO  time: indexed workspace in 1m22s
2025.08.13 17:12:58 INFO  compiling root (19 scala sources)
2025.08.13 17:13:02 INFO  time: compiled root in 4.28s
2025.08.13 17:13:10 INFO  Created report: Optional[file:///Users/amaroo/Desktop/chisel/rv-five-stage/src/main/scala/Pipeline.scala]
2025.08.13 17:13:10 INFO  empty definition using pc, found symbol in pc:  (full report at: "/Users/amaroo/Desktop/chisel/rv-five-stage/.metals/.reports/metals-full/2025-08-13/r_empty-definition_(root)_17-13-10-925.md")
2025.08.13 17:14:10 INFO  compiling root (19 scala sources)
2025.08.13 17:14:12 INFO  time: compiled root in 1.26s
2025.08.13 17:14:12 INFO  compiling root (19 scala sources)
2025.08.13 17:14:12 INFO  time: compiled root in 0.76s
2025.08.13 17:14:13 INFO  compiling root (19 scala sources)
2025.08.13 17:14:13 INFO  time: compiled root in 0.58s
2025.08.13 17:14:14 INFO  compiling root (19 scala sources)
2025.08.13 17:14:14 INFO  time: compiled root in 0.99s
2025.08.13 17:14:16 INFO  compiling root (19 scala sources)
2025.08.13 17:14:16 INFO  time: compiled root in 0.94s
2025.08.13 17:14:17 INFO  compiling root (19 scala sources)
2025.08.13 17:14:17 INFO  time: compiled root in 0.43s
2025.08.13 17:14:19 INFO  compiling root (19 scala sources)
2025.08.13 17:14:19 INFO  time: compiled root in 0.86s
2025.08.13 17:14:20 INFO  compiling root (19 scala sources)
2025.08.13 17:14:20 INFO  time: compiled root in 0.52s
2025.08.13 17:14:22 INFO  compiling root (19 scala sources)
2025.08.13 17:14:22 INFO  time: compiled root in 0.55s
2025.08.13 17:14:23 INFO  compiling root (19 scala sources)
2025.08.13 17:14:23 INFO  time: compiled root in 0.4s
2025.08.13 17:14:25 INFO  compiling root (19 scala sources)
2025.08.13 17:14:25 INFO  time: compiled root in 0.4s
2025.08.13 17:14:26 INFO  compiling root (19 scala sources)
2025.08.13 17:14:26 INFO  time: compiled root in 0.34s
2025.08.13 17:14:28 INFO  compiling root (19 scala sources)
2025.08.13 17:14:28 INFO  time: compiled root in 0.35s
2025.08.13 17:14:29 INFO  compiling root (19 scala sources)
2025.08.13 17:14:29 INFO  time: compiled root in 0.45s
2025.08.13 17:14:30 INFO  compiling root (19 scala sources)
2025.08.13 17:14:34 WARN  9 deprecations (since 2.13.0); re-run with -deprecation for details
2025.08.13 17:14:34 WARN  559 feature warnings; re-run with -feature for details
2025.08.13 17:14:34 INFO  time: compiled root in 3.88s
2025.08.13 17:14:39 INFO  tracing is disabled for protocol dap-server, to enable tracing of incoming and outgoing JSON messages create an empty file at /Users/amaroo/Desktop/chisel/rv-five-stage/.metals/dap-server.trace.json or /Users/amaroo/Library/Caches/org.scalameta.metals/dap-server.trace.json
2025.08.13 17:14:39 INFO  tracing is disabled for protocol dap-client, to enable tracing of incoming and outgoing JSON messages create an empty file at /Users/amaroo/Desktop/chisel/rv-five-stage/.metals/dap-client.trace.json or /Users/amaroo/Library/Caches/org.scalameta.metals/dap-client.trace.json
2025.08.13 17:14:40 INFO  Starting debug proxy for [VerilogGen]
2025.08.13 17:14:41 INFO  Loaded expression compiler in 642 milliseconds
2025.08.13 17:14:45 INFO  Loaded all sources and classes in 4 seconds
2025.08.13 17:14:45 INFO  Initialized Scala 3 decoder in 17 milliseconds
2025.08.13 17:14:45 INFO  Trying to attach to remote debuggee VM localhost:63203 .
2025.08.13 17:14:45 INFO  Attaching to debuggee VM succeeded.
Aug 13, 2025 5:14:45 PM org.eclipse.lsp4j.jsonrpc.services.GenericEndpoint notify
INFO: Unsupported notification method: $/setTrace
2025.08.13 17:14:47 INFO  Created report: Optional.empty
2025.08.13 17:14:47 INFO  Exception in thread "main" chisel3.package$ChiselException: Connection between sink (Regfile.io.rd0:... (full report at: "/Users/amaroo/Desktop/chisel/rv-five-stage/.metals/.reports/bloop/2025-08-13/r_Exception in thread ..._17-14-47-024.md")
2025.08.13 17:14:47 INFO  Canceling debug proxy for [VerilogGen]
2025.08.13 17:14:47 INFO  Created report: Optional.empty
2025.08.13 17:14:47 INFO  at ... () (full report at: "/Users/amaroo/Desktop/chisel/rv-five-stage/.metals/.reports/bloop/2025-08-13/r_at ... ()_17-14-47-731.md")
2025.08.13 17:14:47 INFO  Created report: Optional.empty
2025.08.13 17:14:47 INFO  at Regfile.initSinks(Regfile.scala:22) (full report at: "/Users/amaroo/Desktop/chisel/rv-five-stage/.metals/.reports/bloop/2025-08-13/r_at Regfile.initSinks..._17-14-47-742.md")
2025.08.13 17:14:47 INFO  Created report: Optional.empty
2025.08.13 17:14:47 INFO  at Pipeline.<init>(Pipeline.scala:29) (full report at: "/Users/amaroo/Desktop/chisel/rv-five-stage/.metals/.reports/bloop/2025-08-13/r_at Pipeline.<init>(P..._17-14-47-744.md")
2025.08.13 17:14:47 INFO  Created report: Optional.empty
2025.08.13 17:14:47 INFO  at VerilogGen$.$anonfun$new$108(Pipeline.scala:244) (full report at: "/Users/amaroo/Desktop/chisel/rv-five-stage/.metals/.reports/bloop/2025-08-13/r_at VerilogGen$.$anon..._17-14-47-748.md")
2025.08.13 17:14:47 INFO  at ... () (full report at: "/Users/amaroo/Desktop/chisel/rv-five-stage/.metals/.reports/bloop/2025-08-13/r_at ... ()_17-14-47-731.md")
2025.08.13 17:14:47 INFO  Created report: Optional.empty
2025.08.13 17:14:47 INFO  at ... (Stack trace trimmed to user code only. Rerun with --full-stacktrace to see the full stack tr... (full report at: "/Users/amaroo/Desktop/chisel/rv-five-stage/.metals/.reports/bloop/2025-08-13/r_at ... (Stack trace ..._17-14-47-752.md")
2025.08.13 17:14:47 INFO  Closing debug server tcp://0.0.0.0:63200
Aug 13, 2025 5:14:48 PM org.eclipse.lsp4j.jsonrpc.services.GenericEndpoint notify
INFO: Unsupported notification method: $/setTrace
2025.08.13 17:14:52 INFO  tracing is disabled for protocol dap-server, to enable tracing of incoming and outgoing JSON messages create an empty file at /Users/amaroo/Desktop/chisel/rv-five-stage/.metals/dap-server.trace.json or /Users/amaroo/Library/Caches/org.scalameta.metals/dap-server.trace.json
2025.08.13 17:14:52 INFO  tracing is disabled for protocol dap-client, to enable tracing of incoming and outgoing JSON messages create an empty file at /Users/amaroo/Desktop/chisel/rv-five-stage/.metals/dap-client.trace.json or /Users/amaroo/Library/Caches/org.scalameta.metals/dap-client.trace.json
2025.08.13 17:14:52 INFO  Starting debug proxy for [VerilogGen]
2025.08.13 17:14:52 INFO  Loaded expression compiler in 2 milliseconds
2025.08.13 17:14:59 INFO  Loaded all sources and classes in 6 seconds
2025.08.13 17:14:59 INFO  Initialized Scala 3 decoder in 1 millisecond
2025.08.13 17:14:59 INFO  Trying to attach to remote debuggee VM localhost:63221 .
2025.08.13 17:14:59 INFO  Attaching to debuggee VM succeeded.
2025.08.13 17:15:00 INFO  Exception in thread "main" chisel3.package$ChiselException: Connection between sink (Regfile.io.rd0:... (full report at: "/Users/amaroo/Desktop/chisel/rv-five-stage/.metals/.reports/bloop/2025-08-13/r_Exception in thread ..._17-14-47-024.md")
2025.08.13 17:15:00 INFO  at ... () (full report at: "/Users/amaroo/Desktop/chisel/rv-five-stage/.metals/.reports/bloop/2025-08-13/r_at ... ()_17-14-47-731.md")
2025.08.13 17:15:00 INFO  at Regfile.initSinks(Regfile.scala:22) (full report at: "/Users/amaroo/Desktop/chisel/rv-five-stage/.metals/.reports/bloop/2025-08-13/r_at Regfile.initSinks..._17-14-47-742.md")
2025.08.13 17:15:00 INFO  at Pipeline.<init>(Pipeline.scala:29) (full report at: "/Users/amaroo/Desktop/chisel/rv-five-stage/.metals/.reports/bloop/2025-08-13/r_at Pipeline.<init>(P..._17-14-47-744.md")
2025.08.13 17:15:00 INFO  at VerilogGen$.$anonfun$new$108(Pipeline.scala:244) (full report at: "/Users/amaroo/Desktop/chisel/rv-five-stage/.metals/.reports/bloop/2025-08-13/r_at VerilogGen$.$anon..._17-14-47-748.md")
2025.08.13 17:15:00 INFO  at ... () (full report at: "/Users/amaroo/Desktop/chisel/rv-five-stage/.metals/.reports/bloop/2025-08-13/r_at ... ()_17-14-47-731.md")
2025.08.13 17:15:00 INFO  at ... (Stack trace trimmed to user code only. Rerun with --full-stacktrace to see the full stack tr... (full report at: "/Users/amaroo/Desktop/chisel/rv-five-stage/.metals/.reports/bloop/2025-08-13/r_at ... (Stack trace ..._17-14-47-752.md")
2025.08.13 17:15:00 INFO  Canceling debug proxy for [VerilogGen]
2025.08.13 17:15:00 INFO  Closing debug server tcp://0.0.0.0:63218
Aug 13, 2025 5:15:01 PM org.eclipse.lsp4j.jsonrpc.services.GenericEndpoint notify
INFO: Unsupported notification method: $/setTrace
2025.08.13 17:15:14 INFO  Shutting down server
2025.08.13 17:15:14 INFO  shutting down Metals
2025.08.13 17:15:14 INFO  Shut down connection with build server.
2025.08.13 17:15:14 INFO  Shut down connection with build server.
2025.08.13 17:15:14 INFO  Exiting server
2025.08.13 17:54:31 INFO  Started: Metals version 1.6.2 in folders '/Users/amaroo/Desktop/chisel/rv-five-stage' for client Cursor 1.99.3.
2025.08.13 17:54:31 INFO  Attempting to connect to the build server...
2025.08.13 17:54:31 INFO  Found a Bloop server running
2025.08.13 17:54:32 INFO  tracing is disabled for protocol BSP, to enable tracing of incoming and outgoing JSON messages create an empty file at /Users/amaroo/Desktop/chisel/rv-five-stage/.metals/bsp.trace.json or /Users/amaroo/Library/Caches/org.scalameta.metals/bsp.trace.json
2025.08.13 17:54:31 INFO  Attempting to connect to the build server...
2025.08.13 17:54:32 INFO  Found a Bloop server running
2025.08.13 17:54:32 INFO  tracing is disabled for protocol BSP, to enable tracing of incoming and outgoing JSON messages create an empty file at /Users/amaroo/Desktop/chisel/rv-five-stage/project/.metals/bsp.trace.json or /Users/amaroo/Library/Caches/org.scalameta.metals/bsp.trace.json
2025.08.13 17:54:32 INFO  time: Connected to build server in 0.97s
2025.08.13 17:54:32 INFO  Connected to Build server: Bloop v2.0.8
2025.08.13 17:54:33 INFO  time: Imported build in 0.1s
2025.08.13 17:54:35 INFO  time: indexed workspace in 3.48s
2025.08.13 17:55:34 INFO  compiling root (19 scala sources)
2025.08.13 17:55:38 WARN  9 deprecations (since 2.13.0); re-run with -deprecation for details
2025.08.13 17:55:38 WARN  617 feature warnings; re-run with -feature for details
2025.08.13 17:55:38 INFO  time: compiled root in 4.5s
2025.08.13 17:56:02 INFO  no build target found for /Users/amaroo/Desktop/chisel/rv-five-stage/project/metals.sbt. Using presentation compiler with project's scala-library version: 2.13.16
2025.08.13 17:56:02 INFO  no build target found for /Users/amaroo/Desktop/chisel/rv-five-stage/project/metals.sbt. Using presentation compiler with project's scala-library version: 2.13.16
2025.08.13 17:56:02 WARN  no build target for: /Users/amaroo/Desktop/chisel/rv-five-stage/project/metals.sbt
2025.08.13 17:56:05 INFO  compiling root (1 scala source)
2025.08.13 17:56:05 WARN  10 feature warnings; re-run with -feature for details
2025.08.13 17:56:05 INFO  time: compiled root in 0.68s
2025.08.13 17:57:13 INFO  compiling root (1 scala source)
2025.08.13 17:57:15 WARN  9 feature warnings; re-run with -feature for details
2025.08.13 17:57:15 INFO  time: compiled root in 1.77s
2025.08.13 17:57:19 INFO  compiling root (1 scala source)
Aug 13, 2025 5:57:26 PM org.eclipse.lsp4j.jsonrpc.RemoteEndpoint handleCancellation
WARNING: Unmatched cancel notification for request id 41
2025.08.13 17:57:28 WARN  3 deprecations (since 2.13.0); re-run with -deprecation for details
2025.08.13 17:57:28 WARN  198 feature warnings; re-run with -feature for details
2025.08.13 17:57:28 INFO  time: compiled root in 9.57s
2025.08.13 17:57:30 WARN  Could not load snapshot text for /Users/amaroo/Desktop/chisel/rv-five-stage/src/main/scala/Pipeline.scala
2025.08.13 17:58:07 INFO  compiling root (1 scala source)
2025.08.13 17:58:07 WARN  9 feature warnings; re-run with -feature for details
2025.08.13 17:58:07 INFO  time: compiled root in 0.84s
2025.08.13 17:58:07 INFO  compiling root (1 scala source)
2025.08.13 17:58:09 WARN  Could not load snapshot text for /Users/amaroo/Desktop/chisel/rv-five-stage/src/main/scala/Pipeline.scala
2025.08.13 17:58:09 WARN  3 deprecations (since 2.13.0); re-run with -deprecation for details
2025.08.13 17:58:09 WARN  198 feature warnings; re-run with -feature for details
2025.08.13 17:58:09 INFO  time: compiled root in 0.9s
2025.08.13 17:58:13 INFO  compiling root (1 scala source)
2025.08.13 17:58:13 WARN  3 deprecations (since 2.13.0); re-run with -deprecation for details
2025.08.13 17:58:13 WARN  198 feature warnings; re-run with -feature for details
2025.08.13 17:58:13 INFO  time: compiled root in 0.96s
2025.08.13 17:58:48 INFO  compiling root (1 scala source)
2025.08.13 17:58:48 INFO  time: compiled root in 0.61s
2025.08.13 17:58:56 INFO  compiling root (1 scala source)
2025.08.13 17:59:01 WARN  9 feature warnings; re-run with -feature for details
2025.08.13 17:59:01 INFO  time: compiled root in 5.36s
2025.08.13 17:59:05 INFO  compiling root (1 scala source)
2025.08.13 17:59:07 WARN  9 feature warnings; re-run with -feature for details
2025.08.13 17:59:07 INFO  time: compiled root in 2.54s
Aug 13, 2025 5:59:12 PM org.eclipse.lsp4j.jsonrpc.RemoteEndpoint handleCancellation
WARNING: Unmatched cancel notification for request id 101
2025.08.13 17:59:13 INFO  compiling root (1 scala source)
2025.08.13 17:59:15 WARN  9 feature warnings; re-run with -feature for details
2025.08.13 17:59:15 INFO  time: compiled root in 2.26s
2025.08.13 18:02:40 INFO  Shutting down server
2025.08.13 18:02:40 INFO  shutting down Metals
2025.08.13 18:02:42 INFO  Shut down connection with build server.
2025.08.13 18:02:42 INFO  Shut down connection with build server.
2025.08.13 18:24:53 INFO  Started: Metals version 1.6.2 in folders '/Users/amaroo/Desktop/chisel/rv-five-stage' for client Visual Studio Code 1.103.1.
2025.08.13 18:24:54 INFO  no build target found for /Users/amaroo/Desktop/chisel/rv-five-stage/src/main/scala/Pipeline.scala. Using presentation compiler with project's scala-library version: 3.3.6
2025.08.13 18:24:54 INFO  Attempting to connect to the build server...
2025.08.13 18:24:54 INFO  Found a Bloop server running
2025.08.13 18:24:55 INFO  tracing is disabled for protocol BSP, to enable tracing of incoming and outgoing JSON messages create an empty file at /Users/amaroo/Desktop/chisel/rv-five-stage/.metals/bsp.trace.json or /Users/amaroo/Library/Caches/org.scalameta.metals/bsp.trace.json
2025.08.13 18:24:55 INFO  Attempting to connect to the build server...
2025.08.13 18:24:55 INFO  Found a Bloop server running
2025.08.13 18:24:55 INFO  tracing is disabled for protocol BSP, to enable tracing of incoming and outgoing JSON messages create an empty file at /Users/amaroo/Desktop/chisel/rv-five-stage/project/.metals/bsp.trace.json or /Users/amaroo/Library/Caches/org.scalameta.metals/bsp.trace.json
2025.08.13 18:24:55 INFO  time: Connected to build server in 1.27s
2025.08.13 18:24:55 INFO  Connected to Build server: Bloop v2.0.8
2025.08.13 18:24:55 INFO  time: Imported build in 0.35s
2025.08.13 18:25:13 INFO  time: indexed workspace in 17s
2025.08.13 18:25:15 INFO  compiling root (2 scala sources)
2025.08.13 18:25:33 WARN  3 deprecations (since 2.13.0); re-run with -deprecation for details
2025.08.13 18:25:33 WARN  209 feature warnings; re-run with -feature for details
2025.08.13 18:25:38 INFO  time: compiled root in 23s
2025.08.13 18:37:41 INFO  compiling root (1 scala source)
2025.08.13 18:37:49 WARN  3 deprecations (since 2.13.0); re-run with -deprecation for details
2025.08.13 18:37:49 WARN  202 feature warnings; re-run with -feature for details
2025.08.13 18:37:49 INFO  compiling root-test (1 scala source)
2025.08.13 18:37:49 INFO  time: compiled root in 8.52s
2025.08.13 18:37:52 INFO  time: compiled root-test in 2.13s
2025.08.13 18:40:04 INFO  compiling root-test (1 scala source)
2025.08.13 18:40:05 INFO  time: compiled root-test in 1.29s
2025.08.13 18:40:22 INFO  compiling root-test (1 scala source)
2025.08.13 18:40:23 INFO  time: compiled root-test in 1.1s
2025.08.13 18:40:24 INFO  compiling root-test (1 scala source)
2025.08.13 18:40:24 INFO  time: compiled root-test in 0.18s
2025.08.13 18:40:38 INFO  compiling root-test (1 scala source)
2025.08.13 18:40:39 INFO  time: compiled root-test in 1.1s
2025.08.13 18:40:41 INFO  compiling root-test (1 scala source)
2025.08.13 18:40:42 INFO  time: compiled root-test in 1.04s
2025.08.13 18:41:03 INFO  compiling root-test (1 scala source)
2025.08.13 18:41:03 INFO  time: compiled root-test in 0.69s
2025.08.13 18:41:33 INFO  compiling root-test (1 scala source)
2025.08.13 18:41:35 WARN  4 feature warnings; re-run with -feature for details
2025.08.13 18:41:35 INFO  time: compiled root-test in 2.06s
2025.08.13 18:43:02 INFO  compiling root-test (1 scala source)
2025.08.13 18:43:04 WARN  5 feature warnings; re-run with -feature for details
2025.08.13 18:43:04 INFO  time: compiled root-test in 1.82s
2025.08.13 18:45:33 INFO  compiling root (1 scala source)
2025.08.13 18:45:35 WARN  4 feature warnings; re-run with -feature for details
2025.08.13 18:45:35 INFO  time: compiled root in 1.6s
2025.08.13 18:45:35 INFO  compiling root (1 scala source)
2025.08.13 18:45:36 WARN  3 deprecations (since 2.13.0); re-run with -deprecation for details
2025.08.13 18:45:36 WARN  202 feature warnings; re-run with -feature for details
2025.08.13 18:45:36 INFO  time: compiled root in 1.46s
2025.08.13 18:46:06 INFO  compiling root (1 scala source)
2025.08.13 18:46:07 WARN  5 feature warnings; re-run with -feature for details
2025.08.13 18:46:07 INFO  time: compiled root in 1.21s
2025.08.13 18:48:40 INFO  compiling root (1 scala source)
2025.08.13 18:48:44 WARN  3 deprecations (since 2.13.0); re-run with -deprecation for details
2025.08.13 18:48:44 WARN  205 feature warnings; re-run with -feature for details
2025.08.13 18:48:44 INFO  compiling root-test (1 scala source)
2025.08.13 18:48:44 INFO  time: compiled root in 4.39s
2025.08.13 18:48:44 INFO  time: compiled root-test in 0.3s
2025.08.13 18:48:54 INFO  compiling root-test (1 scala source)
2025.08.13 18:48:57 WARN  6 feature warnings; re-run with -feature for details
2025.08.13 18:48:57 INFO  time: compiled root-test in 3.72s
2025.08.13 18:49:02 INFO  compiling root-test (1 scala source)
2025.08.13 18:49:07 WARN  6 feature warnings; re-run with -feature for details
2025.08.13 18:49:07 INFO  time: compiled root-test in 5.14s
2025.08.13 18:49:53 INFO  compiling root-test (1 scala source)
2025.08.13 18:49:58 WARN  6 feature warnings; re-run with -feature for details
2025.08.13 18:49:58 INFO  time: compiled root-test in 5.73s
2025.08.13 18:55:16 INFO  compiling root-test (1 scala source)
2025.08.13 18:55:21 WARN  7 feature warnings; re-run with -feature for details
2025.08.13 18:55:21 INFO  time: compiled root-test in 5.33s
2025.08.13 19:03:51 INFO  compiling root (1 scala source)
2025.08.13 19:03:53 WARN  3 feature warnings; re-run with -feature for details
2025.08.13 19:03:53 INFO  time: compiled root in 1.93s
2025.08.13 19:03:53 INFO  compiling root (1 scala source)
2025.08.13 19:03:54 WARN  5 feature warnings; re-run with -feature for details
2025.08.13 19:03:54 INFO  time: compiled root in 1.03s
Aug 13, 2025 7:17:15 PM org.eclipse.lsp4j.jsonrpc.services.GenericEndpoint notify
INFO: Unsupported notification method: $/setTrace
2025.08.13 19:20:21 INFO  compiling root (1 scala source)
2025.08.13 19:20:31 WARN  3 deprecations (since 2.13.0); re-run with -deprecation for details
2025.08.13 19:20:31 WARN  209 feature warnings; re-run with -feature for details
2025.08.13 19:20:31 INFO  compiling root-test (1 scala source)
2025.08.13 19:20:31 INFO  time: compiled root in 10s
2025.08.13 19:20:33 INFO  time: compiled root-test in 1.49s
2025.08.13 19:20:48 INFO  compiling root-test (1 scala source)
2025.08.13 19:20:53 WARN  7 feature warnings; re-run with -feature for details
2025.08.13 19:20:56 INFO  time: compiled root-test in 7.39s
2025.08.13 19:22:13 INFO  compiling root-test (2 scala sources)
2025.08.13 19:22:20 INFO  time: compiled root-test in 7.85s
2025.08.13 19:25:23 INFO  compiling root-test (2 scala sources)
2025.08.13 19:25:24 WARN  10 feature warnings; re-run with -feature for details
2025.08.13 19:25:24 INFO  time: compiled root-test in 1.61s
2025.08.13 19:29:19 INFO  compiling root (1 scala source)
2025.08.13 19:29:20 WARN  4 feature warnings; re-run with -feature for details
2025.08.13 19:29:20 INFO  time: compiled root in 1.12s
2025.08.13 19:29:20 INFO  compiling root (1 scala source)
2025.08.13 19:29:23 WARN  3 deprecations (since 2.13.0); re-run with -deprecation for details
2025.08.13 19:29:23 WARN  209 feature warnings; re-run with -feature for details
2025.08.13 19:29:23 INFO  time: compiled root in 2.74s
2025.08.13 19:37:36 INFO  compiling root (2 scala sources)
2025.08.13 19:37:39 WARN  3 deprecations (since 2.13.0); re-run with -deprecation for details
2025.08.13 19:37:39 WARN  315 feature warnings; re-run with -feature for details
2025.08.13 19:37:39 INFO  time: compiled root in 3.67s
2025.08.13 19:50:35 WARN  Could not load snapshot text for /Users/amaroo/Desktop/chisel/rv-five-stage/src/main/scala/Pipeline.scala
2025.08.13 19:50:37 WARN  Could not load snapshot text for /Users/amaroo/Desktop/chisel/rv-five-stage/src/main/scala/Pipeline.scala
2025.08.13 19:50:37 WARN  Could not load snapshot text for /Users/amaroo/Desktop/chisel/rv-five-stage/src/main/scala/Pipeline.scala
2025.08.13 19:50:37 WARN  Could not load snapshot text for /Users/amaroo/Desktop/chisel/rv-five-stage/src/main/scala/Pipeline.scala
2025.08.13 19:50:37 WARN  Could not load snapshot text for /Users/amaroo/Desktop/chisel/rv-five-stage/src/main/scala/Pipeline.scala
2025.08.13 19:50:38 WARN  Could not load snapshot text for /Users/amaroo/Desktop/chisel/rv-five-stage/src/main/scala/Pipeline.scala
2025.08.13 19:50:38 WARN  Could not load snapshot text for /Users/amaroo/Desktop/chisel/rv-five-stage/src/main/scala/Pipeline.scala
2025.08.13 19:50:38 WARN  Could not load snapshot text for /Users/amaroo/Desktop/chisel/rv-five-stage/src/main/scala/Pipeline.scala
2025.08.13 19:50:38 WARN  Could not load snapshot text for /Users/amaroo/Desktop/chisel/rv-five-stage/src/main/scala/Pipeline.scala
2025.08.13 19:50:38 WARN  Could not load snapshot text for /Users/amaroo/Desktop/chisel/rv-five-stage/src/main/scala/Pipeline.scala
2025.08.13 19:50:38 WARN  Could not load snapshot text for /Users/amaroo/Desktop/chisel/rv-five-stage/src/main/scala/Pipeline.scala
2025.08.13 19:50:38 WARN  Could not load snapshot text for /Users/amaroo/Desktop/chisel/rv-five-stage/src/main/scala/Pipeline.scala
2025.08.13 19:50:38 WARN  Could not load snapshot text for /Users/amaroo/Desktop/chisel/rv-five-stage/src/main/scala/Pipeline.scala
2025.08.13 19:50:38 WARN  Could not load snapshot text for /Users/amaroo/Desktop/chisel/rv-five-stage/src/main/scala/Pipeline.scala
2025.08.13 19:50:38 WARN  Could not load snapshot text for /Users/amaroo/Desktop/chisel/rv-five-stage/src/main/scala/Pipeline.scala
2025.08.13 19:51:06 WARN  Could not load snapshot text for /Users/amaroo/Desktop/chisel/rv-five-stage/src/main/scala/Pipeline.scala
2025.08.13 19:51:06 WARN  Could not load snapshot text for /Users/amaroo/Desktop/chisel/rv-five-stage/src/main/scala/Pipeline.scala
2025.08.13 19:51:06 WARN  Could not load snapshot text for /Users/amaroo/Desktop/chisel/rv-five-stage/src/main/scala/Pipeline.scala
2025.08.13 19:52:00 INFO  compiling root (2 scala sources)
2025.08.13 19:52:04 WARN  3 deprecations (since 2.13.0); re-run with -deprecation for details
2025.08.13 19:52:04 WARN  268 feature warnings; re-run with -feature for details
2025.08.13 19:52:04 INFO  time: compiled root in 3.49s
2025.08.13 19:52:04 WARN  Could not load snapshot text for /Users/amaroo/Desktop/chisel/rv-five-stage/src/main/scala/IDExRegister.scala
2025.08.13 19:52:15 INFO  compiling root (1 scala source)
2025.08.13 19:52:19 WARN  35 feature warnings; re-run with -feature for details
2025.08.13 19:52:19 INFO  time: compiled root in 3.56s
2025.08.13 19:52:45 INFO  compiling root (1 scala source)
Aug 13, 2025 7:52:46 PM org.eclipse.lsp4j.jsonrpc.RemoteEndpoint handleCancellation
WARNING: Unmatched cancel notification for request id 263
2025.08.13 19:52:46 WARN  Could not load snapshot text for /Users/amaroo/Desktop/chisel/rv-five-stage/src/main/scala/ExMemRegister.scala
2025.08.13 19:52:50 WARN  49 feature warnings; re-run with -feature for details
2025.08.13 19:52:50 INFO  time: compiled root in 5.37s
2025.08.13 19:52:53 INFO  compiling root (1 scala source)
2025.08.13 19:52:54 WARN  35 feature warnings; re-run with -feature for details
2025.08.13 19:52:54 INFO  time: compiled root in 1.6s
2025.08.13 19:52:54 INFO  compiling root (1 scala source)
2025.08.13 19:52:55 WARN  Could not load snapshot text for /Users/amaroo/Desktop/chisel/rv-five-stage/src/main/scala/ExMemRegister.scala
2025.08.13 19:52:55 WARN  49 feature warnings; re-run with -feature for details
2025.08.13 19:52:55 INFO  time: compiled root in 0.82s
2025.08.13 19:53:01 INFO  compiling root (1 scala source)
2025.08.13 19:53:02 WARN  Could not load snapshot text for /Users/amaroo/Desktop/chisel/rv-five-stage/src/main/scala/IDExRegister.scala
2025.08.13 19:53:03 WARN  Could not load snapshot text for /Users/amaroo/Desktop/chisel/rv-five-stage/src/main/scala/IDExRegister.scala
2025.08.13 19:53:04 WARN  Could not load snapshot text for /Users/amaroo/Desktop/chisel/rv-five-stage/src/main/scala/IDExRegister.scala
2025.08.13 19:53:04 WARN  Could not load snapshot text for /Users/amaroo/Desktop/chisel/rv-five-stage/src/main/scala/IDExRegister.scala
2025.08.13 19:53:04 WARN  49 feature warnings; re-run with -feature for details
2025.08.13 19:53:04 INFO  time: compiled root in 3.24s
2025.08.13 19:53:05 WARN  Could not load snapshot text for /Users/amaroo/Desktop/chisel/rv-five-stage/src/main/scala/IDExRegister.scala
2025.08.13 19:53:06 INFO  compiling root (1 scala source)
2025.08.13 19:53:06 WARN  Could not load snapshot text for /Users/amaroo/Desktop/chisel/rv-five-stage/src/main/scala/IDExRegister.scala
2025.08.13 19:53:06 WARN  72 feature warnings; re-run with -feature for details
2025.08.13 19:53:07 INFO  time: compiled root in 1.07s
2025.08.13 19:53:07 INFO  compiling root (1 scala source)
2025.08.13 19:53:08 WARN  72 feature warnings; re-run with -feature for details
2025.08.13 19:53:08 INFO  time: compiled root in 0.9s
2025.08.13 19:53:11 INFO  compiling root (1 scala source)
2025.08.13 19:53:11 INFO  time: compiled root in 0.25s
2025.08.13 19:53:15 INFO  compiling root (1 scala source)
2025.08.13 19:53:19 WARN  72 feature warnings; re-run with -feature for details
2025.08.13 19:53:20 INFO  compiling root-test (1 scala source)
2025.08.13 19:53:20 INFO  time: compiled root in 6.07s
2025.08.13 19:53:25 WARN  3 feature warnings; re-run with -feature for details
2025.08.13 19:53:25 INFO  time: compiled root-test in 5.32s
2025.08.13 19:53:26 WARN  Could not load snapshot text for /Users/amaroo/Desktop/chisel/rv-five-stage/src/main/scala/IDExRegister.scala
2025.08.13 19:56:54 WARN  Could not load snapshot text for /Users/amaroo/Desktop/chisel/rv-five-stage/src/main/scala/IDExRegister.scala
2025.08.13 19:57:18 WARN  Could not load snapshot text for /Users/amaroo/Desktop/chisel/rv-five-stage/src/main/scala/IDExRegister.scala
Aug 13, 2025 7:57:21 PM org.eclipse.lsp4j.jsonrpc.RemoteEndpoint handleCancellation
WARNING: Unmatched cancel notification for request id 498
2025.08.13 19:57:23 INFO  compiling root (2 scala sources)
2025.08.13 19:57:26 WARN  116 feature warnings; re-run with -feature for details
2025.08.13 19:57:26 INFO  time: compiled root in 2.94s
2025.08.13 19:57:27 INFO  compiling root (1 scala source)
2025.08.13 19:57:27 INFO  time: compiled root in 0.2s
2025.08.13 19:57:27 WARN  Could not load snapshot text for /Users/amaroo/Desktop/chisel/rv-five-stage/src/main/scala/ExMemRegister.scala
2025.08.13 19:57:27 WARN  Could not load snapshot text for /Users/amaroo/Desktop/chisel/rv-five-stage/src/main/scala/ExMemRegister.scala
2025.08.13 19:57:27 WARN  Could not load snapshot text for /Users/amaroo/Desktop/chisel/rv-five-stage/src/main/scala/ExMemRegister.scala
2025.08.13 19:57:27 WARN  Could not load snapshot text for /Users/amaroo/Desktop/chisel/rv-five-stage/src/main/scala/ExMemRegister.scala
2025.08.13 19:57:29 INFO  time: compiled root in 8ms
2025.08.13 19:57:32 INFO  compiling root (1 scala source)
2025.08.13 19:57:36 WARN  48 feature warnings; re-run with -feature for details
2025.08.13 19:57:36 INFO  time: compiled root in 4.28s
2025.08.13 19:57:37 WARN  Could not load snapshot text for /Users/amaroo/Desktop/chisel/rv-five-stage/src/main/scala/ExMemRegister.scala
2025.08.13 19:58:16 WARN  Could not load snapshot text for /Users/amaroo/Desktop/chisel/rv-five-stage/src/main/scala/ExMemRegister.scala
